--- Startup times for process: Primary (or UI client) ---

times in msec
 clock   self+sourced   self:  sourced script
 clock   elapsed:              other lines

000.002  000.002: --- NVIM STARTING ---
000.619  000.618: event init
000.960  000.341: early init
001.096  000.137: locale set
001.262  000.166: init first window
002.740  001.478: inits 1
002.770  000.030: window checked
002.777  000.007: parsing arguments
006.250  000.210  000.210: require('vim.shared')
006.721  000.227  000.227: require('vim.inspect')
006.947  000.187  000.187: require('vim._options')
006.980  000.716  000.302: require('vim._editor')
007.158  000.173  000.173: require('vim._system')
007.165  001.220  000.121: require('vim._init_packages')
007.173  003.176: init lua interpreter
014.244  007.072: nvim_ui_attach
017.235  002.991: nvim_set_client_info
017.247  000.012: --- NVIM STARTED ---

--- Startup times for process: Embedded ---

times in msec
 clock   self+sourced   self:  sourced script
 clock   elapsed:              other lines

000.002  000.002: --- NVIM STARTING ---
000.653  000.651: event init
001.029  000.375: early init
001.216  000.187: locale set
001.403  000.188: init first window
002.894  001.491: inits 1
002.980  000.085: window checked
002.987  000.008: parsing arguments
006.463  000.267  000.267: require('vim.shared')
007.046  000.239  000.239: require('vim.inspect')
007.401  000.292  000.292: require('vim._options')
007.448  000.966  000.435: require('vim._editor')
007.662  000.203  000.203: require('vim._system')
007.674  001.617  000.180: require('vim._init_packages')
007.685  003.081: init lua interpreter
008.054  000.369: expanding arguments
008.159  000.104: inits 2
009.518  001.359: init highlight
009.525  000.007: waiting for UI
010.071  000.547: done waiting for UI
010.108  000.037: clear screen
011.168  000.102  000.102: require('vim.keymap')
015.593  000.562  000.562: sourcing nvim_exec2()
016.011  005.884  005.220: require('vim._defaults')
016.021  000.029: init default mappings & autocommands
017.831  000.200  000.200: sourcing /usr/share/nvim/runtime/ftplugin.vim
018.081  000.092  000.092: sourcing /usr/share/nvim/runtime/indent.vim
018.374  000.063  000.063: sourcing /usr/share/nvim/archlinux.vim
018.401  000.211  000.148: sourcing /etc/xdg/nvim/sysinit.vim
022.288  003.167  003.167: require('lazy')
022.680  000.336  000.336: require('ffi')
022.893  000.085  000.085: require('vim.fs')
023.374  000.466  000.466: require('vim.uri')
023.430  000.738  000.187: require('vim.loader')
023.973  000.477  000.477: require('lazy.stats')
024.685  000.645  000.645: require('lazy.core.util')
025.517  000.789  000.789: require('lazy.core.config')
026.598  000.381  000.381: require('lazy.core.handler')
028.255  000.671  000.671: require('lazy.pkg')
028.288  001.146  000.474: require('lazy.core.meta')
028.317  001.705  000.560: require('lazy.core.plugin')
028.350  002.810  000.723: require('lazy.core.loader')
029.646  000.552  000.552: require('lazy.core.fragments')
038.324  000.904  000.904: require('lazy.core.handler.cmd')
038.815  000.461  000.461: require('lazy.core.handler.keys')
039.836  000.742  000.742: require('lazy.core.handler.event')
039.859  001.023  000.281: require('lazy.core.handler.ft')
042.423  000.813  000.813: sourcing nvim_exec2() called at /usr/share/nvim/runtime/filetype.lua:0
042.445  001.713  000.901: sourcing /usr/share/nvim/runtime/filetype.lua
042.467  001.895  000.181: sourcing nvim_exec2() called at /home/jonahr/.config/nvim/init.lua:0
043.149  000.015  000.015: sourcing nvim_exec2() called at /home/jonahr/.config/nvim/init.lua:0
043.207  000.008  000.008: sourcing nvim_exec2() called at /home/jonahr/.config/nvim/init.lua:0
048.862  000.254  000.254: require('tokyonight.config')
048.877  001.446  001.193: require('tokyonight')
049.418  000.196  000.196: require('tokyonight.util')
049.429  000.506  000.310: require('tokyonight.theme')
050.286  000.208  000.208: require('tokyonight.colors')
051.732  000.395  000.395: require('tokyonight.hsluv')
052.890  000.383  000.383: require('tokyonight.groups')
057.042  009.836  006.897: sourcing /home/jonahr/.local/share/nvim/lazy/tokyonight.nvim/colors/tokyonight.lua
057.081  013.838  004.002: sourcing nvim_exec2() called at /home/jonahr/.config/nvim/init.lua:0
061.383  002.060  002.060: sourcing /home/jonahr/.local/share/nvim/lazy/vim-vsnip/autoload/vital/vsnip.vim
062.485  000.411  000.411: sourcing /home/jonahr/.local/share/nvim/lazy/vim-vsnip/autoload/vital/_vsnip/VS/LSP/Position.vim
062.938  000.078  000.078: sourcing /home/jonahr/.local/share/nvim/lazy/vim-vsnip/autoload/vital/_vsnip.vim
063.937  004.866  002.316: sourcing /home/jonahr/.local/share/nvim/lazy/vim-vsnip/autoload/vsnip/snippet.vim
064.938  000.523  000.523: sourcing /home/jonahr/.local/share/nvim/lazy/vim-vsnip/autoload/vital/_vsnip/VS/LSP/TextEdit.vim
065.988  000.354  000.354: sourcing /home/jonahr/.local/share/nvim/lazy/vim-vsnip/autoload/vital/_vsnip/VS/LSP/Text.vim
067.180  000.434  000.434: sourcing /home/jonahr/.local/share/nvim/lazy/vim-vsnip/autoload/vital/_vsnip/VS/Vim/Buffer.vim
068.146  000.206  000.206: sourcing /home/jonahr/.local/share/nvim/lazy/vim-vsnip/autoload/vital/_vsnip/VS/Vim/Option.vim
069.508  000.497  000.497: sourcing /home/jonahr/.local/share/nvim/lazy/vim-vsnip/autoload/vital/_vsnip/VS/LSP/Diff.vim
070.121  011.307  004.427: sourcing /home/jonahr/.local/share/nvim/lazy/vim-vsnip/autoload/vsnip/session.vim
070.760  012.278  000.971: sourcing /home/jonahr/.local/share/nvim/lazy/vim-vsnip/autoload/vsnip.vim
071.542  013.814  001.536: sourcing /home/jonahr/.local/share/nvim/lazy/vim-vsnip/plugin/vsnip.vim
071.562  014.040  000.226: sourcing nvim_exec2() called at /home/jonahr/.config/nvim/init.lua:0
071.603  000.007  000.007: sourcing nvim_exec2() called at /home/jonahr/.config/nvim/init.lua:0
071.658  000.005  000.005: sourcing nvim_exec2() called at /home/jonahr/.config/nvim/init.lua:0
073.286  000.104  000.104: sourcing /home/jonahr/.local/share/nvim/lazy/nvim-web-devicons/plugin/nvim-web-devicons.vim
073.307  000.255  000.151: sourcing nvim_exec2() called at /home/jonahr/.config/nvim/init.lua:0
073.335  000.006  000.006: sourcing nvim_exec2() called at /home/jonahr/.config/nvim/init.lua:0
073.377  000.005  000.005: sourcing nvim_exec2() called at /home/jonahr/.config/nvim/init.lua:0
073.432  000.005  000.005: sourcing nvim_exec2() called at /home/jonahr/.config/nvim/init.lua:0
073.460  000.003  000.003: sourcing nvim_exec2() called at /home/jonahr/.config/nvim/init.lua:0
075.117  000.255  000.255: require('lualine_require')
076.483  003.010  002.755: require('lualine')
076.968  000.038  000.038: sourcing nvim_exec2() called at /home/jonahr/.config/nvim/init.lua:0
080.815  001.331  001.331: require('lualine.themes._tokyonight')
085.217  000.031  000.031: sourcing nvim_exec2() called at /home/jonahr/.config/nvim/init.lua:0
085.277  000.013  000.013: sourcing nvim_exec2() called at /home/jonahr/.config/nvim/init.lua:0
085.344  000.021  000.021: sourcing nvim_exec2() called at /home/jonahr/.config/nvim/init.lua:0
085.529  000.020  000.020: sourcing nvim_exec2() called at /home/jonahr/.config/nvim/init.lua:0
085.604  000.016  000.016: sourcing nvim_exec2() called at /home/jonahr/.config/nvim/init.lua:0
086.442  000.026  000.026: sourcing nvim_exec2() called at /home/jonahr/.config/nvim/init.lua:0
086.646  000.027  000.027: sourcing nvim_exec2() called at /home/jonahr/.config/nvim/init.lua:0
086.747  000.056  000.056: sourcing nvim_exec2() called at /home/jonahr/.config/nvim/init.lua:0
086.851  000.020  000.020: sourcing nvim_exec2() called at /home/jonahr/.config/nvim/init.lua:0
086.919  000.022  000.022: sourcing nvim_exec2() called at /home/jonahr/.config/nvim/init.lua:0
086.993  000.012  000.012: sourcing nvim_exec2() called at /home/jonahr/.config/nvim/init.lua:0
087.031  000.010  000.010: sourcing nvim_exec2() called at /home/jonahr/.config/nvim/init.lua:0
087.062  000.009  000.009: sourcing nvim_exec2() called at /home/jonahr/.config/nvim/init.lua:0
087.104  000.009  000.009: sourcing nvim_exec2() called at /home/jonahr/.config/nvim/init.lua:0
087.132  000.007  000.007: sourcing nvim_exec2() called at /home/jonahr/.config/nvim/init.lua:0
087.166  000.009  000.009: sourcing nvim_exec2() called at /home/jonahr/.config/nvim/init.lua:0
087.198  000.008  000.008: sourcing nvim_exec2() called at /home/jonahr/.config/nvim/init.lua:0
087.255  000.038  000.038: sourcing nvim_exec2() called at /home/jonahr/.config/nvim/init.lua:0
098.279  000.295  000.295: require('lualine.utils.mode')
099.776  000.030  000.030: sourcing nvim_exec2() called at /home/jonahr/.config/nvim/init.lua:0
099.821  000.022  000.022: sourcing nvim_exec2() called at /home/jonahr/.config/nvim/init.lua:0
100.742  000.057  000.057: sourcing nvim_exec2() called at /home/jonahr/.config/nvim/init.lua:0
100.791  000.012  000.012: sourcing nvim_exec2() called at /home/jonahr/.config/nvim/init.lua:0
100.823  000.008  000.008: sourcing nvim_exec2() called at /home/jonahr/.config/nvim/init.lua:0
100.970  000.012  000.012: sourcing nvim_exec2() called at /home/jonahr/.config/nvim/init.lua:0
100.999  000.007  000.007: sourcing nvim_exec2() called at /home/jonahr/.config/nvim/init.lua:0
101.025  000.007  000.007: sourcing nvim_exec2() called at /home/jonahr/.config/nvim/init.lua:0
101.063  000.010  000.010: sourcing nvim_exec2() called at /home/jonahr/.config/nvim/init.lua:0
101.131  000.038  000.038: sourcing nvim_exec2() called at /home/jonahr/.config/nvim/init.lua:0
101.162  000.010  000.010: sourcing nvim_exec2() called at /home/jonahr/.config/nvim/init.lua:0
101.198  000.008  000.008: sourcing nvim_exec2() called at /home/jonahr/.config/nvim/init.lua:0
101.322  000.010  000.010: sourcing nvim_exec2() called at /home/jonahr/.config/nvim/init.lua:0
101.415  000.010  000.010: sourcing nvim_exec2() called at /home/jonahr/.config/nvim/init.lua:0
101.510  000.010  000.010: sourcing nvim_exec2() called at /home/jonahr/.config/nvim/init.lua:0
101.592  000.016  000.016: sourcing nvim_exec2() called at /home/jonahr/.config/nvim/init.lua:0
101.838  000.016  000.016: sourcing nvim_exec2() called at /home/jonahr/.config/nvim/init.lua:0
101.870  000.008  000.008: sourcing nvim_exec2() called at /home/jonahr/.config/nvim/init.lua:0
101.903  000.007  000.007: sourcing nvim_exec2() called at /home/jonahr/.config/nvim/init.lua:0
101.938  000.008  000.008: sourcing nvim_exec2() called at /home/jonahr/.config/nvim/init.lua:0
101.962  000.007  000.007: sourcing nvim_exec2() called at /home/jonahr/.config/nvim/init.lua:0
101.986  000.007  000.007: sourcing nvim_exec2() called at /home/jonahr/.config/nvim/init.lua:0
102.022  000.009  000.009: sourcing nvim_exec2() called at /home/jonahr/.config/nvim/init.lua:0
102.548  000.032  000.032: sourcing nvim_exec2() called at /home/jonahr/.config/nvim/init.lua:0
102.581  000.009  000.009: sourcing nvim_exec2() called at /home/jonahr/.config/nvim/init.lua:0
102.600  000.008  000.008: sourcing nvim_exec2() called at /home/jonahr/.config/nvim/init.lua:0
102.624  000.014  000.014: sourcing nvim_exec2() called at /home/jonahr/.config/nvim/init.lua:0
104.486  000.025  000.025: sourcing nvim_exec2() called at /home/jonahr/.config/nvim/init.lua:0
104.533  000.011  000.011: sourcing nvim_exec2() called at /home/jonahr/.config/nvim/init.lua:0
104.720  000.038  000.038: sourcing nvim_exec2() called at /home/jonahr/.config/nvim/init.lua:0
104.760  000.010  000.010: sourcing nvim_exec2() called at /home/jonahr/.config/nvim/init.lua:0
104.788  000.009  000.009: sourcing nvim_exec2() called at /home/jonahr/.config/nvim/init.lua:0
104.817  000.007  000.007: sourcing nvim_exec2() called at /home/jonahr/.config/nvim/init.lua:0
104.847  000.010  000.010: sourcing nvim_exec2() called at /home/jonahr/.config/nvim/init.lua:0
104.888  000.009  000.009: sourcing nvim_exec2() called at /home/jonahr/.config/nvim/init.lua:0
104.915  000.008  000.008: sourcing nvim_exec2() called at /home/jonahr/.config/nvim/init.lua:0
104.939  000.007  000.007: sourcing nvim_exec2() called at /home/jonahr/.config/nvim/init.lua:0
104.964  000.008  000.008: sourcing nvim_exec2() called at /home/jonahr/.config/nvim/init.lua:0
105.283  000.014  000.014: sourcing nvim_exec2() called at /home/jonahr/.config/nvim/init.lua:0
105.319  000.009  000.009: sourcing nvim_exec2() called at /home/jonahr/.config/nvim/init.lua:0
105.349  000.011  000.011: sourcing nvim_exec2() called at /home/jonahr/.config/nvim/init.lua:0
105.386  000.009  000.009: sourcing nvim_exec2() called at /home/jonahr/.config/nvim/init.lua:0
105.410  000.008  000.008: sourcing nvim_exec2() called at /home/jonahr/.config/nvim/init.lua:0
105.433  000.007  000.007: sourcing nvim_exec2() called at /home/jonahr/.config/nvim/init.lua:0
105.454  000.007  000.007: sourcing nvim_exec2() called at /home/jonahr/.config/nvim/init.lua:0
105.555  000.009  000.009: sourcing nvim_exec2() called at /home/jonahr/.config/nvim/init.lua:0
105.579  000.007  000.007: sourcing nvim_exec2() called at /home/jonahr/.config/nvim/init.lua:0
105.602  000.009  000.009: sourcing nvim_exec2() called at /home/jonahr/.config/nvim/init.lua:0
105.635  000.008  000.008: sourcing nvim_exec2() called at /home/jonahr/.config/nvim/init.lua:0
105.658  000.007  000.007: sourcing nvim_exec2() called at /home/jonahr/.config/nvim/init.lua:0
105.680  000.008  000.008: sourcing nvim_exec2() called at /home/jonahr/.config/nvim/init.lua:0
105.722  000.009  000.009: sourcing nvim_exec2() called at /home/jonahr/.config/nvim/init.lua:0
105.746  000.008  000.008: sourcing nvim_exec2() called at /home/jonahr/.config/nvim/init.lua:0
105.768  000.008  000.008: sourcing nvim_exec2() called at /home/jonahr/.config/nvim/init.lua:0
105.801  000.009  000.009: sourcing nvim_exec2() called at /home/jonahr/.config/nvim/init.lua:0
106.331  000.036  000.036: sourcing nvim_exec2() called at /home/jonahr/.config/nvim/init.lua:0
106.439  000.022  000.022: sourcing nvim_exec2() called at /home/jonahr/.config/nvim/init.lua:0
106.520  000.065  000.065: sourcing nvim_exec2() called at /home/jonahr/.config/nvim/init.lua:0
106.557  000.022  000.022: sourcing nvim_exec2() called at /home/jonahr/.config/nvim/init.lua:0
106.586  000.017  000.017: sourcing nvim_exec2() called at /home/jonahr/.config/nvim/init.lua:0
107.943  000.353  000.353: sourcing /home/jonahr/.local/share/nvim/lazy/nvim-dap/plugin/dap.lua
107.966  000.503  000.151: sourcing nvim_exec2() called at /home/jonahr/.config/nvim/init.lua:0
107.996  000.008  000.008: sourcing nvim_exec2() called at /home/jonahr/.config/nvim/init.lua:0
108.093  000.005  000.005: sourcing nvim_exec2() called at /home/jonahr/.config/nvim/init.lua:0
108.443  000.010  000.010: sourcing nvim_exec2() called at /home/jonahr/.config/nvim/init.lua:0
108.503  000.005  000.005: sourcing nvim_exec2() called at /home/jonahr/.config/nvim/init.lua:0
110.556  000.013  000.013: sourcing nvim_exec2() called at /home/jonahr/.config/nvim/init.lua:0
110.596  000.005  000.005: sourcing nvim_exec2() called at /home/jonahr/.config/nvim/init.lua:0
112.135  000.286  000.286: require('mason-core.path')
112.947  000.290  000.290: require('mason-core.functional.data')
113.198  000.234  000.234: require('mason-core.functional.function')
113.555  000.332  000.332: require('mason-core.functional.list')
113.729  000.145  000.145: require('mason-core.functional.relation')
113.856  000.115  000.115: require('mason-core.functional.logic')
114.012  000.145  000.145: require('mason-core.functional.number')
114.192  000.164  000.164: require('mason-core.functional.string')
114.371  000.156  000.156: require('mason-core.functional.table')
114.583  000.199  000.199: require('mason-core.functional.type')
114.594  002.261  000.481: require('mason-core.functional')
114.733  002.586  000.325: require('mason-core.platform')
115.220  000.473  000.473: require('mason.settings')
115.236  003.843  000.499: require('mason-core.installer.InstallLocation')
116.108  000.477  000.477: require('mason-core.log')
116.130  000.662  000.186: require('mason-core.EventEmitter')
116.383  000.246  000.246: require('mason-registry.sources')
116.417  001.176  000.268: require('mason-registry')
116.424  005.813  000.794: require('mason')
117.126  000.404  000.404: require('mason.api.command')
117.164  007.154  000.919: require('mason-core.log')
117.172  008.654  001.500: require('mason-nvim-dap')
117.392  000.214  000.214: require('mason-nvim-dap.settings')
117.925  000.174  000.174: require('mason-core.optional')
118.093  000.158  000.158: require('mason-nvim-dap.mappings.source')
118.102  000.540  000.207: require('mason-nvim-dap.ensure_installed')
118.395  000.287  000.287: require('mason-core.async')
118.926  000.312  000.312: require('mason-core.async.control')
119.235  000.299  000.299: require('mason-core.result')
119.638  000.166  000.166: require('mason-core.async.uv')
119.671  000.428  000.263: require('mason-core.fs')
119.759  001.357  000.317: require('mason-registry.installer')
121.328  000.557  000.557: require('mason-core.process')
122.068  000.729  000.729: require('mason-core.spawn')
122.089  001.641  000.354: require('mason-core.installer.managers.powershell')
122.671  000.576  000.576: require('mason.version')
122.922  002.723  000.506: require('mason-core.fetch')
124.228  001.298  001.298: require('mason-core.providers')
126.993  000.754  000.754: require('mason-core.purl')
127.037  001.063  000.309: require('mason-core.package.AbstractPackage')
133.381  002.116  002.116: require('mason-core.installer.compiler.expr')
133.413  004.607  002.491: require('mason-core.installer.compiler.link')
137.185  000.130  000.130: require('mason-core.installer.context.InstallContextCwd')
137.623  000.428  000.428: require('mason-core.installer.context.InstallContextFs')
138.330  000.698  000.698: require('mason-core.installer.context.InstallContextSpawn')
138.497  000.155  000.155: require('mason-core.receipt')
138.928  002.047  000.635: require('mason-core.installer.context')
138.946  002.204  000.157: require('mason-core.installer')
139.042  003.353  001.149: require('mason-core.installer.managers.std')
139.057  005.375  002.022: require('mason-core.installer.compiler.schemas')
139.358  000.290  000.290: require('mason-core.installer.compiler.util')
139.422  012.068  001.796: require('mason-core.installer.compiler')
139.767  000.330  000.330: require('mason-core.installer.linker')
139.796  012.753  000.355: require('mason-core.installer.InstallRunner')
140.007  000.196  000.196: require('mason-core.installer.UninstallRunner')
140.031  014.381  000.368: require('mason-core.package')
140.041  015.527  001.147: require('mason-registry.sources.util')
140.070  020.100  000.552: require('mason-registry.sources.github')
157.936  000.029  000.029: require('vim.F')
158.276  000.320  000.320: require('mason-nvim-dap.automatic_installation')
159.028  000.181  000.181: require('dap.utils')
159.196  000.910  000.728: require('dap')
159.383  000.169  000.169: require('dap.ext.vscode')
159.528  000.138  000.138: require('mason-nvim-dap.mappings.filetypes')
160.128  000.113  000.113: require('mason-core.notify')
160.190  000.349  000.236: require('mason-nvim-dap.api.command')
160.785  000.236  000.236: require('dap.ui')
160.833  000.567  000.331: require('dap.repl')
162.154  000.016  000.016: sourcing nvim_exec2() called at /home/jonahr/.config/nvim/init.lua:0
162.193  000.005  000.005: sourcing nvim_exec2() called at /home/jonahr/.config/nvim/init.lua:0
162.232  000.004  000.004: sourcing nvim_exec2() called at /home/jonahr/.config/nvim/init.lua:0
162.257  000.004  000.004: sourcing nvim_exec2() called at /home/jonahr/.config/nvim/init.lua:0
163.942  000.138  000.138: require('nio.tasks')
164.084  000.130  000.130: require('nio.control')
164.451  000.359  000.359: require('nio.uv')
164.589  000.130  000.130: require('nio.tests')
164.910  000.159  000.159: require('vim.ui')
164.956  000.360  000.201: require('nio.ui')
165.252  000.162  000.162: require('nio.streams')
165.260  000.298  000.136: require('nio.file')
165.687  000.129  000.129: require('nio.util')
166.047  000.294  000.294: require('vim.iter')
166.141  000.724  000.301: require('nio.logger')
166.157  000.893  000.169: require('nio.lsp')
166.317  000.155  000.155: require('nio.process')
166.401  002.772  000.308: require('nio')
168.064  000.044  000.044: sourcing nvim_exec2() called at /home/jonahr/.config/nvim/init.lua:0
168.080  000.254  000.210: require('dapui.config.highlights')
168.218  000.122  000.122: sourcing nvim_exec2() called at /home/jonahr/.config/nvim/init.lua:0
168.376  001.417  001.040: require('dapui.config')
168.402  001.713  000.297: require('dapui.util')
168.611  000.203  000.203: require('dapui.windows.layout')
168.625  002.217  000.300: require('dapui.windows')
168.856  000.226  000.226: require('dapui.controls')
168.874  006.603  001.389: require('dapui')
169.480  000.105  000.105: sourcing nvim_exec2() called at /home/jonahr/.config/nvim/init.lua:0
170.294  000.368  000.368: require('dapui.client.types')
170.311  000.725  000.357: require('dapui.client')
170.641  000.324  000.324: require('dap.breakpoints')
170.926  000.241  000.241: require('dapui.client.lib')
171.471  000.308  000.308: require('dapui.render.canvas')
171.480  000.497  000.189: require('dapui.elements.breakpoints')
171.917  000.272  000.272: require('dapui.components.breakpoints')
172.254  000.193  000.193: require('dapui.elements.repl')
172.442  000.176  000.176: require('dapui.elements.scopes')
172.726  000.222  000.222: require('dapui.components.scopes')
172.953  000.219  000.219: require('dapui.components.variables')
173.216  000.176  000.176: require('dapui.elements.stacks')
173.716  000.213  000.213: require('dapui.components.frames')
173.728  000.445  000.232: require('dapui.components.threads')
174.024  000.192  000.192: require('dapui.elements.watches')
174.312  000.220  000.220: require('dapui.components.watches')
174.580  000.188  000.188: require('dapui.elements.hover')
174.905  000.248  000.248: require('dapui.components.hover')
175.139  000.197  000.197: require('dapui.elements.console')
175.631  014.764  003.490: require('dapui')
176.161  000.094  000.094: sourcing /home/jonahr/.local/share/nvim/lazy/vim-csharp/plugin/cs.vim
176.179  000.231  000.137: sourcing nvim_exec2() called at /home/jonahr/.config/nvim/init.lua:0
176.327  000.009  000.009: sourcing nvim_exec2() called at /home/jonahr/.config/nvim/init.lua:0
176.909  000.134  000.134: sourcing /home/jonahr/.local/share/nvim/lazy/vim-csharp/ftdetect/cs.vim
176.926  000.279  000.145: sourcing nvim_exec2() called at /home/jonahr/.config/nvim/init.lua:0
176.989  000.005  000.005: sourcing nvim_exec2() called at /home/jonahr/.config/nvim/init.lua:0
177.785  000.010  000.010: sourcing nvim_exec2() called at /home/jonahr/.config/nvim/init.lua:0
177.864  000.005  000.005: sourcing nvim_exec2() called at /home/jonahr/.config/nvim/init.lua:0
179.067  000.318  000.318: sourcing /home/jonahr/.local/share/nvim/lazy/mason-tool-installer.nvim/plugin/mason-tool-installer.lua
179.087  000.482  000.164: sourcing nvim_exec2() called at /home/jonahr/.config/nvim/init.lua:0
179.130  000.009  000.009: sourcing nvim_exec2() called at /home/jonahr/.config/nvim/init.lua:0
179.204  000.005  000.005: sourcing nvim_exec2() called at /home/jonahr/.config/nvim/init.lua:0
180.534  001.312  001.312: require('mason-tool-installer')
189.331  004.230  004.230: require('vim.lsp.protocol')
189.429  004.806  000.576: require('vim.lsp.log')
190.001  000.559  000.559: require('vim.lsp.util')
190.344  000.142  000.142: require('vim.lsp.sync')
190.364  000.350  000.208: require('vim.lsp._changetracking')
190.735  000.176  000.176: require('vim.lsp._transport')
191.192  000.015  000.015: require('string.buffer')
191.203  000.168  000.153: require('vim._stringbuffer')
191.218  000.846  000.502: require('vim.lsp.rpc')
191.430  007.479  000.918: require('vim.lsp')
192.971  001.534  001.534: require('lspconfig.util')
193.040  009.423  000.410: sourcing /home/jonahr/.local/share/nvim/lazy/nvim-lspconfig/plugin/lspconfig.lua
193.060  009.559  000.136: sourcing nvim_exec2() called at /home/jonahr/.config/nvim/init.lua:0
193.199  000.012  000.012: sourcing nvim_exec2() called at /home/jonahr/.config/nvim/init.lua:0
193.243  000.005  000.005: sourcing nvim_exec2() called at /home/jonahr/.config/nvim/init.lua:0
193.283  000.005  000.005: sourcing nvim_exec2() called at /home/jonahr/.config/nvim/init.lua:0
193.309  000.003  000.003: sourcing nvim_exec2() called at /home/jonahr/.config/nvim/init.lua:0
193.622  000.125  000.125: require('mason-lspconfig.settings')
193.633  000.311  000.186: require('mason-lspconfig')
194.176  000.130  000.130: require('mason-lspconfig.mappings')
194.190  000.279  000.149: require('mason-lspconfig.features.automatic_enable')
224.163  000.206  000.206: require('mason-lspconfig.notify')
224.255  000.631  000.425: require('mason-lspconfig.api.command')
224.277  043.541  032.735: require('mason-lspconfig')
225.326  000.179  000.179: sourcing /home/jonahr/.local/share/nvim/lazy/conform.nvim/plugin/conform.lua
225.347  000.323  000.144: sourcing nvim_exec2() called at /home/jonahr/.config/nvim/init.lua:0
225.373  000.009  000.009: sourcing nvim_exec2() called at /home/jonahr/.config/nvim/init.lua:0
225.416  000.004  000.004: sourcing nvim_exec2() called at /home/jonahr/.config/nvim/init.lua:0
227.058  001.523  001.523: require('conform')
229.067  000.086  000.086: sourcing /home/jonahr/.local/share/nvim/lazy/plenary.nvim/plugin/plenary.vim
229.086  000.220  000.133: sourcing nvim_exec2() called at /home/jonahr/.config/nvim/init.lua:0
229.110  000.006  000.006: sourcing nvim_exec2() called at /home/jonahr/.config/nvim/init.lua:0
229.165  000.004  000.004: sourcing nvim_exec2() called at /home/jonahr/.config/nvim/init.lua:0
230.603  001.050  001.050: sourcing /home/jonahr/.local/share/nvim/lazy/telescope.nvim/plugin/telescope.lua
230.624  001.181  000.131: sourcing nvim_exec2() called at /home/jonahr/.config/nvim/init.lua:0
230.658  000.010  000.010: sourcing nvim_exec2() called at /home/jonahr/.config/nvim/init.lua:0
230.755  000.008  000.008: sourcing nvim_exec2() called at /home/jonahr/.config/nvim/init.lua:0
233.291  000.454  000.454: require('telescope._extensions')
233.326  002.554  002.100: require('telescope')
236.980  000.328  000.328: require('plenary.bit')
237.130  000.138  000.138: require('plenary.functional')
237.216  001.259  000.793: require('plenary.path')
237.259  002.978  001.718: require('plenary.strings')
237.388  000.124  000.124: require('telescope.deprecated')
238.160  000.467  000.467: require('plenary.log')
238.228  000.645  000.178: require('telescope.log')
238.830  000.157  000.157: require('plenary.compat')
238.859  000.380  000.223: require('plenary.job')
238.989  000.124  000.124: require('telescope.state')
239.045  000.811  000.307: require('telescope.utils')
239.065  001.670  000.213: require('telescope.sorters')
244.865  011.532  006.760: require('telescope.config')
248.889  000.348  000.348: require('telescope.builtin')
249.189  000.018  000.018: sourcing nvim_exec2() called at /home/jonahr/.config/nvim/init.lua:0
249.226  000.006  000.006: sourcing nvim_exec2() called at /home/jonahr/.config/nvim/init.lua:0
250.429  001.188  001.188: require('autoclose')
253.081  000.181  000.181: require('vim.treesitter.language')
253.317  000.139  000.139: require('vim.func')
253.510  000.183  000.183: require('vim.treesitter._range')
253.671  000.146  000.146: require('vim.func._memoize')
253.826  001.273  000.624: require('vim.treesitter.query')
253.884  001.710  000.437: require('vim.treesitter.languagetree')
253.903  001.978  000.268: require('vim.treesitter')
253.978  002.235  000.256: sourcing /home/jonahr/.local/share/nvim/lazy/roslyn.nvim/plugin/roslyn.lua
253.997  002.401  000.166: sourcing nvim_exec2() called at /home/jonahr/.config/nvim/init.lua:0
254.026  000.010  000.010: sourcing nvim_exec2() called at /home/jonahr/.config/nvim/init.lua:0
254.079  000.005  000.005: sourcing nvim_exec2() called at /home/jonahr/.config/nvim/init.lua:0
254.849  000.222  000.222: sourcing /usr/share/nvim/runtime/plugin/editorconfig.lua
254.867  000.335  000.114: sourcing nvim_exec2() called at /home/jonahr/.config/nvim/init.lua:0
255.554  000.496  000.496: sourcing /usr/share/nvim/runtime/plugin/gzip.vim
255.570  000.600  000.104: sourcing nvim_exec2() called at /home/jonahr/.config/nvim/init.lua:0
255.929  000.254  000.254: sourcing /usr/share/nvim/runtime/plugin/man.lua
255.947  000.353  000.099: sourcing nvim_exec2() called at /home/jonahr/.config/nvim/init.lua:0
258.964  000.592  000.592: sourcing /usr/share/nvim/runtime/pack/dist/opt/matchit/plugin/matchit.vim
259.070  003.010  002.418: sourcing /usr/share/nvim/runtime/plugin/matchit.vim
259.084  003.117  000.107: sourcing nvim_exec2() called at /home/jonahr/.config/nvim/init.lua:0
259.671  000.449  000.449: sourcing /usr/share/nvim/runtime/plugin/matchparen.vim
259.689  000.557  000.108: sourcing nvim_exec2() called at /home/jonahr/.config/nvim/init.lua:0
262.827  000.892  000.892: sourcing /usr/share/nvim/runtime/pack/dist/opt/netrw/plugin/netrwPlugin.vim
262.924  003.049  002.157: sourcing /usr/share/nvim/runtime/plugin/netrwPlugin.vim
262.938  003.184  000.136: sourcing nvim_exec2() called at /home/jonahr/.config/nvim/init.lua:0
263.391  000.278  000.278: sourcing /usr/share/nvim/runtime/plugin/nvim/net.lua
263.418  000.444  000.166: sourcing nvim_exec2() called at /home/jonahr/.config/nvim/init.lua:0
263.892  000.275  000.275: sourcing /usr/share/nvim/runtime/plugin/osc52.lua
263.912  000.441  000.166: sourcing nvim_exec2() called at /home/jonahr/.config/nvim/init.lua:0
264.566  000.501  000.501: sourcing /usr/share/nvim/runtime/plugin/rplugin.vim
264.585  000.648  000.147: sourcing nvim_exec2() called at /home/jonahr/.config/nvim/init.lua:0
265.219  000.372  000.372: sourcing /usr/share/nvim/runtime/plugin/shada.lua
265.239  000.558  000.187: sourcing nvim_exec2() called at /home/jonahr/.config/nvim/init.lua:0
265.544  000.082  000.082: sourcing /usr/share/nvim/runtime/plugin/spellfile.vim
265.561  000.249  000.167: sourcing nvim_exec2() called at /home/jonahr/.config/nvim/init.lua:0
266.105  000.315  000.315: sourcing /usr/share/nvim/runtime/plugin/tarPlugin.vim
266.124  000.502  000.186: sourcing nvim_exec2() called at /home/jonahr/.config/nvim/init.lua:0
266.545  000.180  000.180: sourcing /usr/share/nvim/runtime/plugin/tohtml.lua
266.563  000.361  000.181: sourcing nvim_exec2() called at /home/jonahr/.config/nvim/init.lua:0
266.958  000.080  000.080: sourcing /usr/share/nvim/runtime/plugin/tutor.vim
266.976  000.223  000.142: sourcing nvim_exec2() called at /home/jonahr/.config/nvim/init.lua:0
267.560  000.453  000.453: sourcing /usr/share/nvim/runtime/plugin/zipPlugin.vim
267.577  000.580  000.128: sourcing nvim_exec2() called at /home/jonahr/.config/nvim/init.lua:0
276.282  007.747  007.747: require('vim.filetype')
276.455  257.921  074.004: sourcing /home/jonahr/.config/nvim/init.lua
276.496  002.051: sourcing vimrc file(s)
278.588  000.375  000.375: sourcing /usr/share/nvim/runtime/filetype.lua
279.674  000.237  000.237: sourcing /usr/share/nvim/runtime/syntax/synload.vim
279.979  001.051  000.814: sourcing /usr/share/nvim/runtime/syntax/syntax.vim
280.027  002.105: inits 3
288.322  008.294: reading ShaDa
288.691  000.370: opening buffers
288.968  000.276: BufEnter autocommands
288.977  000.009: editing files in windows
289.311  000.334: VimEnter autocommands
289.485  000.174: UIEnter autocommands
289.491  000.006: before starting main loop
290.100  000.609: first screen update
290.106  000.007: --- NVIM STARTED ---

